#
# A fatal error has been detected by the Java Runtime Environment:
#
#  SIGSEGV (0xb) at pc=0x00007fff8cd40057, pid=1228, tid=0x000000000000ec07
#
# JRE version: Java(TM) SE Runtime Environment (8.0_121-b13) (build 1.8.0_121-b13)
# Java VM: Java HotSpot(TM) 64-Bit Server VM (25.121-b13 mixed mode bsd-amd64 compressed oops)
# Problematic frame:
# C  [libobjc.A.dylib+0x7057]  objc_msgSend+0x17
#
# Failed to write core dump. Core dumps have been disabled. To enable core dumping, try "ulimit -c unlimited" before starting Java again
#
# If you would like to submit a bug report, please visit:
#   http://bugreport.java.com/bugreport/crash.jsp
# The crash happened outside the Java Virtual Machine in native code.
# See problematic frame for where to report the bug.
#

---------------  T H R E A D  ---------------

Current thread (0x00007f8e90139800):  JavaThread "pool-2-thread-1" [_thread_in_native, id=60423, stack(0x0000700004696000,0x0000700004796000)]

siginfo: si_signo: 11 (SIGSEGV), si_code: 0 (unknown), si_addr: 0x0000000000000000

Registers:
RAX=0x0000000000000000, RBX=0x00007f8e83ddd9d0, RCX=0x0000000000000000, RDX=0x00000000ffe70000
RSP=0x0000700004795308, RBP=0x0000700004795330, RSI=0x00007fff765c9557, RDI=0xf00007f8e8a62680
R8 =0x0000000000000000, R9 =0x00007f8e83dddba0, R10=0x00007ffffffffff8, R11=0x00007f8e83dddba4
R12=0x0000000000000010, R13=0x000000013492e618, R14=0x0000000000000000, R15=0x0000000000000008
RIP=0x00007fff8cd40057, EFLAGS=0x0000000000010246, ERR=0x0000000000000000
  TRAPNO=0x000000000000000d

Top of Stack: (sp=0x0000700004795308)
0x0000700004795308:   000000012ccbf203 00007fff8cd40040
0x0000700004795318:   0000000000000000 00007f8e83c29090
0x0000700004795328:   00007f8e83e81220 0000700004795360
0x0000700004795338:   000000012ccbe77b 00000001318c75d0
0x0000700004795348:   00007f8e83f56f10 00007000047953d0
0x0000700004795358:   00007f8e90139800 0000700004795390
0x0000700004795368:   000000012ccada6e 0000000000000000
0x0000700004795378:   0000000000000000 0000700000000000
0x0000700004795388:   00007f8e83f56f10 00007000047953c0
0x0000700004795398:   000000012ccade9a 0000000000000000
0x00007000047953a8:   0000000100000000 00007f8e901399f8
0x00007000047953b8:   00007000047954b0 0000700004795400
0x00007000047953c8:   000000012c3e02c1 0000000102010000
0x00007000047953d8:   00007f8e83f57ca0 0000000000000000
0x00007000047953e8:   00007000047954b0 000000013492e618
0x00007000047953f8:   00007000047954b0 0000700004795478
0x0000700004795408:   000000011460d9f4 000000013492e618
0x0000700004795418:   00007000047954b0 0000700004795478
0x0000700004795428:   000000011460d787 000000011460d742
0x0000700004795438:   0000700004795438 000000013492e618
0x0000700004795448:   00007000047954b0 0000000134932970
0x0000700004795458:   0000000000000000 000000013492e618
0x0000700004795468:   0000000000000000 0000700004795498
0x0000700004795478:   00007000047954f8 00000001145fda90
0x0000700004795488:   00000006c1780dd0 0000000114607520
0x0000700004795498:   00007f8e83f57ca0 000000076bd915b0
0x00007000047954a8:   00007f8e83f56f10 00000006c19a4190
0x00007000047954b8:   00007000047954b8 00000001244d0e90
0x00007000047954c8:   0000700004795518 0000000134932970
0x00007000047954d8:   0000000000000000 00000001244d0ec8
0x00007000047954e8:   0000700004795498 0000700004795510
0x00007000047954f8:   0000700004795560 00000001145fda90 

Instructions: (pc=0x00007fff8cd40057)
0x00007fff8cd40037:   84 00 00 00 00 00 0f 1f 00 48 85 ff 2e 74 62 40
0x00007fff8cd40047:   f6 c7 01 2e 75 66 49 ba f8 ff ff ff ff 7f 00 00
0x00007fff8cd40057:   4c 23 17 49 89 f3 45 23 5a 18 49 c1 e3 04 4d 03
0x00007fff8cd40067:   5a 10 49 3b 33 75 04 41 ff 63 08 49 83 3b 01 76 

Register to memory mapping:

RAX=0x0000000000000000 is an unknown value
RBX=0x00007f8e83ddd9d0 is an unknown value
RCX=0x0000000000000000 is an unknown value
RDX=0x00000000ffe70000 is an unknown value
RSP=0x0000700004795308 is pointing into the stack for thread: 0x00007f8e90139800
RBP=0x0000700004795330 is pointing into the stack for thread: 0x00007f8e90139800
RSI=0x00007fff765c9557: __NSStyleNameIndexTable+0x7d19f in /System/Library/Frameworks/AppKit.framework/Versions/C/AppKit at 0x00007fff7595f000
RDI=0xf00007f8e8a62680 is an unknown value
R8 =0x0000000000000000 is an unknown value
R9 =0x00007f8e83dddba0 is an unknown value
R10=0x00007ffffffffff8 is an unknown value
R11=0x00007f8e83dddba4 is an unknown value
R12=0x0000000000000010 is an unknown value
R13={method} {0x000000013492e618} 'read_0' '(JJ)Z' in 'org/opencv/videoio/VideoCapture'
R14=0x0000000000000000 is an unknown value
R15=0x0000000000000008 is an unknown value


Stack: [0x0000700004696000,0x0000700004796000],  sp=0x0000700004795308,  free space=1020k
Native frames: (J=compiled Java code, j=interpreted, Vv=VM code, C=native code)
C  [libobjc.A.dylib+0x7057]  objc_msgSend+0x17
C  [libopencv_java330.dylib+0x95d77b]  CvCaptureCAM::grabFrame()+0x5b
C  [libopencv_java330.dylib+0x94ca6e]  cv::VideoCapture::grab()+0x3e
C  [libopencv_java330.dylib+0x94ce9a]  cv::VideoCapture::read(cv::_OutputArray const&)+0x2a
C  [libopencv_java330.dylib+0x7f2c1]  Java_org_opencv_videoio_VideoCapture_read_10+0x31
j  org.opencv.videoio.VideoCapture.read_0(JJ)Z+0
j  org.opencv.videoio.VideoCapture.read(Lorg/opencv/core/Mat;)Z+8
j  test.FXMLRecoController.grabFrame()Lorg/opencv/core/Mat;+23
j  test.FXMLRecoController.access$100(Ltest/FXMLRecoController;)Lorg/opencv/core/Mat;+1
j  test.FXMLRecoController$2.run()V+4
j  java.util.concurrent.Executors$RunnableAdapter.call()Ljava/lang/Object;+4
j  java.util.concurrent.FutureTask.runAndReset()Z+47
j  java.util.concurrent.ScheduledThreadPoolExecutor$ScheduledFutureTask.access$301(Ljava/util/concurrent/ScheduledThreadPoolExecutor$ScheduledFutureTask;)Z+1
j  java.util.concurrent.ScheduledThreadPoolExecutor$ScheduledFutureTask.run()V+37
j  java.util.concurrent.ThreadPoolExecutor.runWorker(Ljava/util/concurrent/ThreadPoolExecutor$Worker;)V+95
j  java.util.concurrent.ThreadPoolExecutor$Worker.run()V+5
j  java.lang.Thread.run()V+11
v  ~StubRoutines::call_stub
V  [libjvm.dylib+0x2ed9d6]  JavaCalls::call_helper(JavaValue*, methodHandle*, JavaCallArguments*, Thread*)+0x6ae
V  [libjvm.dylib+0x2ee164]  JavaCalls::call_virtual(JavaValue*, KlassHandle, Symbol*, Symbol*, JavaCallArguments*, Thread*)+0x164
V  [libjvm.dylib+0x2ee310]  JavaCalls::call_virtual(JavaValue*, Handle, KlassHandle, Symbol*, Symbol*, Thread*)+0x4a
V  [libjvm.dylib+0x348a5d]  thread_entry(JavaThread*, Thread*)+0x7c
V  [libjvm.dylib+0x56ab0f]  JavaThread::thread_main_inner()+0x9b
V  [libjvm.dylib+0x56c1fc]  JavaThread::run()+0x1c2
V  [libjvm.dylib+0x48a5b2]  java_start(Thread*)+0xf6
C  [libsystem_pthread.dylib+0x393b]  _pthread_body+0xb4
C  [libsystem_pthread.dylib+0x3887]  _pthread_body+0x0
C  [libsystem_pthread.dylib+0x308d]  thread_start+0xd
C  0x0000000000000000

Java frames: (J=compiled Java code, j=interpreted, Vv=VM code)
j  org.opencv.videoio.VideoCapture.read_0(JJ)Z+0
j  org.opencv.videoio.VideoCapture.read(Lorg/opencv/core/Mat;)Z+8
j  test.FXMLRecoController.grabFrame()Lorg/opencv/core/Mat;+23
j  test.FXMLRecoController.access$100(Ltest/FXMLRecoController;)Lorg/opencv/core/Mat;+1
j  test.FXMLRecoController$2.run()V+4
j  java.util.concurrent.Executors$RunnableAdapter.call()Ljava/lang/Object;+4
j  java.util.concurrent.FutureTask.runAndReset()Z+47
j  java.util.concurrent.ScheduledThreadPoolExecutor$ScheduledFutureTask.access$301(Ljava/util/concurrent/ScheduledThreadPoolExecutor$ScheduledFutureTask;)Z+1
j  java.util.concurrent.ScheduledThreadPoolExecutor$ScheduledFutureTask.run()V+37
j  java.util.concurrent.ThreadPoolExecutor.runWorker(Ljava/util/concurrent/ThreadPoolExecutor$Worker;)V+95
j  java.util.concurrent.ThreadPoolExecutor$Worker.run()V+5
j  java.lang.Thread.run()V+11
v  ~StubRoutines::call_stub

---------------  P R O C E S S  ---------------

Java Threads: ( => current thread )
=>0x00007f8e90139800 JavaThread "pool-2-thread-1" [_thread_in_native, id=60423, stack(0x0000700004696000,0x0000700004796000)]
  0x00007f8e91800800 JavaThread "JavaCPP Deallocator" daemon [_thread_blocked, id=74275, stack(0x000070000647f000,0x000070000657f000)]
  0x00007f8e8eff7800 JavaThread "Abandoned connection cleanup thread" daemon [_thread_blocked, id=74519, stack(0x000070000637c000,0x000070000647c000)]
  0x00007f8e84276000 JavaThread "Prism Font Disposer" daemon [_thread_blocked, id=59399, stack(0x0000700005f67000,0x0000700006067000)]
  0x00007f8e841c3000 JavaThread "JavaFX-Launcher" [_thread_blocked, id=57603, stack(0x0000700005e64000,0x0000700005f64000)]
  0x00007f8e85905000 JavaThread "Thread-3" daemon [_thread_in_native, id=41475, stack(0x0000700005d5e000,0x0000700005dde000)]
  0x00007f8e858d1000 JavaThread "JavaFX Application Thread" [_thread_in_native, id=775, stack(0x00007fff56812000,0x00007fff57012000)]
  0x00007f8e858d6000 JavaThread "Thread-1" daemon [_thread_blocked, id=28931, stack(0x0000700005c5b000,0x0000700005d5b000)]
  0x00007f8e850fc000 JavaThread "QuantumRenderer-0" daemon [_thread_blocked, id=22275, stack(0x0000700005b58000,0x0000700005c58000)]
  0x00007f8e8405b800 JavaThread "Service Thread" daemon [_thread_blocked, id=21251, stack(0x0000700005952000,0x0000700005a52000)]
  0x00007f8e85054000 JavaThread "C1 CompilerThread3" daemon [_thread_blocked, id=20739, stack(0x000070000584f000,0x000070000594f000)]
  0x00007f8e85053000 JavaThread "C2 CompilerThread2" daemon [_thread_blocked, id=20227, stack(0x000070000574c000,0x000070000584c000)]
  0x00007f8e84040800 JavaThread "C2 CompilerThread1" daemon [_thread_blocked, id=19715, stack(0x0000700005649000,0x0000700005749000)]
  0x00007f8e8400a000 JavaThread "C2 CompilerThread0" daemon [_thread_blocked, id=19203, stack(0x0000700005546000,0x0000700005646000)]
  0x00007f8e84800800 JavaThread "Signal Dispatcher" daemon [_thread_blocked, id=18691, stack(0x0000700005443000,0x0000700005543000)]
  0x00007f8e85009000 JavaThread "Finalizer" daemon [_thread_blocked, id=14339, stack(0x00007000052bd000,0x00007000053bd000)]
  0x00007f8e8400f800 JavaThread "Reference Handler" daemon [_thread_blocked, id=13827, stack(0x00007000051ba000,0x00007000052ba000)]
  0x00007f8e85800800 JavaThread "main" [_thread_blocked, id=6915, stack(0x000070000479c000,0x000070000489c000)]

Other Threads:
  0x00007f8e8583b000 VMThread [stack: 0x00007000050b7000,0x00007000051b7000] [id=13315]
  0x00007f8e84801800 WatcherThread [stack: 0x0000700005a55000,0x0000700005b55000] [id=21763]

VM state:not at safepoint (normal execution)

VM Mutex/Monitor currently owned by a thread: None

Heap:
 PSYoungGen      total 76288K, used 24499K [0x000000076ab00000, 0x0000000770000000, 0x00000007c0000000)
  eden space 65536K, 37% used [0x000000076ab00000,0x000000076c2ece10,0x000000076eb00000)
  from space 10752K, 0% used [0x000000076f580000,0x000000076f580000,0x0000000770000000)
  to   space 10752K, 0% used [0x000000076eb00000,0x000000076eb00000,0x000000076f580000)
 ParOldGen       total 108032K, used 28401K [0x00000006c0000000, 0x00000006c6980000, 0x000000076ab00000)
  object space 108032K, 26% used [0x00000006c0000000,0x00000006c1bbc4b8,0x00000006c6980000)
 Metaspace       used 22187K, capacity 22904K, committed 23168K, reserved 1069056K
  class space    used 2975K, capacity 3173K, committed 3200K, reserved 1048576K

Card table byte_map: [0x000000010b162000,0x000000010b963000] byte_map_base: 0x0000000107b62000

Marking Bits: (ParMarkBitMap*) 0x000000010a6f0d30
 Begin Bits: [0x000000010beb9000, 0x000000010feb9000)
 End Bits:   [0x000000010feb9000, 0x0000000113eb9000)

Polling page: 0x0000000108cf4000

CodeCache: size=245760Kb used=7299Kb max_used=7304Kb free=238460Kb
 bounds [0x00000001145f6000, 0x0000000114d26000, 0x00000001235f6000]
 total_blobs=3113 nmethods=2259 adapters=767
 compilation: enabled

Compilation events (10 events):
Event: 12.464 Thread 0x00007f8e85054000 nmethod 2261 0x0000000114d15410 code [0x0000000114d15a60, 0x0000000114d19de8]
Event: 12.464 Thread 0x00007f8e84040800 nmethod 2260 0x0000000114d1c090 code [0x0000000114d1c1e0, 0x0000000114d1c3f8]
Event: 12.476 Thread 0x00007f8e85054000 2262       3       javafx.animation.AnimationAccessorImpl::playTo (8 bytes)
Event: 12.477 Thread 0x00007f8e85054000 nmethod 2262 0x0000000114d14f90 code [0x0000000114d15100, 0x0000000114d15328]
Event: 12.477 Thread 0x00007f8e85054000 2263       3       javafx.animation.Timeline::impl_playTo (9 bytes)
Event: 12.477 Thread 0x00007f8e85054000 nmethod 2263 0x0000000114d14b90 code [0x0000000114d14d00, 0x0000000114d14ea8]
Event: 12.510 Thread 0x00007f8e85054000 2264       3       com.sun.scenario.animation.AbstractMasterTimer$MainLoop::run (61 bytes)
Event: 12.510 Thread 0x00007f8e85054000 nmethod 2264 0x0000000114d14250 code [0x0000000114d14420, 0x0000000114d14998]
Event: 12.510 Thread 0x00007f8e85054000 2265       3       com.sun.javafx.tk.quantum.MasterTimer::recordStart (8 bytes)
Event: 12.511 Thread 0x00007f8e85054000 nmethod 2265 0x0000000114d13890 code [0x0000000114d13a40, 0x0000000114d13fa8]

GC Heap History (6 events):
Event: 6.267 GC heap before
{Heap before GC invocations=1 (full 0):
 PSYoungGen      total 76288K, used 63517K [0x000000076ab00000, 0x0000000770000000, 0x00000007c0000000)
  eden space 65536K, 96% used [0x000000076ab00000,0x000000076e907588,0x000000076eb00000)
  from space 10752K, 0% used [0x000000076f580000,0x000000076f580000,0x0000000770000000)
  to   space 10752K, 0% used [0x000000076eb00000,0x000000076eb00000,0x000000076f580000)
 ParOldGen       total 175104K, used 0K [0x00000006c0000000, 0x00000006cab00000, 0x000000076ab00000)
  object space 175104K, 0% used [0x00000006c0000000,0x00000006c0000000,0x00000006cab00000)
 Metaspace       used 16129K, capacity 16824K, committed 16896K, reserved 1062912K
  class space    used 2324K, capacity 2497K, committed 2560K, reserved 1048576K
Event: 6.281 GC heap after
Heap after GC invocations=1 (full 0):
 PSYoungGen      total 76288K, used 9534K [0x000000076ab00000, 0x0000000770000000, 0x00000007c0000000)
  eden space 65536K, 0% used [0x000000076ab00000,0x000000076ab00000,0x000000076eb00000)
  from space 10752K, 88% used [0x000000076eb00000,0x000000076f44fb20,0x000000076f580000)
  to   space 10752K, 0% used [0x000000076f580000,0x000000076f580000,0x0000000770000000)
 ParOldGen       total 175104K, used 12825K [0x00000006c0000000, 0x00000006cab00000, 0x000000076ab00000)
  object space 175104K, 7% used [0x00000006c0000000,0x00000006c0c86670,0x00000006cab00000)
 Metaspace       used 16129K, capacity 16824K, committed 16896K, reserved 1062912K
  class space    used 2324K, capacity 2497K, committed 2560K, reserved 1048576K
}
Event: 10.167 GC heap before
{Heap before GC invocations=2 (full 0):
 PSYoungGen      total 76288K, used 25618K [0x000000076ab00000, 0x0000000770000000, 0x00000007c0000000)
  eden space 65536K, 24% used [0x000000076ab00000,0x000000076bab4d00,0x000000076eb00000)
  from space 10752K, 88% used [0x000000076eb00000,0x000000076f44fb20,0x000000076f580000)
  to   space 10752K, 0% used [0x000000076f580000,0x000000076f580000,0x0000000770000000)
 ParOldGen       total 175104K, used 12825K [0x00000006c0000000, 0x00000006cab00000, 0x000000076ab00000)
  object space 175104K, 7% used [0x00000006c0000000,0x00000006c0c86670,0x00000006cab00000)
 Metaspace       used 20440K, capacity 21162K, committed 21296K, reserved 1067008K
  class space    used 2730K, capacity 2916K, committed 2944K, reserved 1048576K
Event: 10.176 GC heap after
Heap after GC invocations=2 (full 0):
 PSYoungGen      total 76288K, used 10744K [0x000000076ab00000, 0x0000000770000000, 0x00000007c0000000)
  eden space 65536K, 0% used [0x000000076ab00000,0x000000076ab00000,0x000000076eb00000)
  from space 10752K, 99% used [0x000000076f580000,0x000000076fffe2c0,0x0000000770000000)
  to   space 10752K, 0% used [0x000000076eb00000,0x000000076eb00000,0x000000076f580000)
 ParOldGen       total 175104K, used 20994K [0x00000006c0000000, 0x00000006cab00000, 0x000000076ab00000)
  object space 175104K, 11% used [0x00000006c0000000,0x00000006c14809a8,0x00000006cab00000)
 Metaspace       used 20440K, capacity 21162K, committed 21296K, reserved 1067008K
  class space    used 2730K, capacity 2916K, committed 2944K, reserved 1048576K
}
Event: 10.176 GC heap before
{Heap before GC invocations=3 (full 1):
 PSYoungGen      total 76288K, used 10744K [0x000000076ab00000, 0x0000000770000000, 0x00000007c0000000)
  eden space 65536K, 0% used [0x000000076ab00000,0x000000076ab00000,0x000000076eb00000)
  from space 10752K, 99% used [0x000000076f580000,0x000000076fffe2c0,0x0000000770000000)
  to   space 10752K, 0% used [0x000000076eb00000,0x000000076eb00000,0x000000076f580000)
 ParOldGen       total 175104K, used 20994K [0x00000006c0000000, 0x00000006cab00000, 0x000000076ab00000)
  object space 175104K, 11% used [0x00000006c0000000,0x00000006c14809a8,0x00000006cab00000)
 Metaspace       used 20440K, capacity 21162K, committed 21296K, reserved 1067008K
  class space    used 2730K, capacity 2916K, committed 2944K, reserved 1048576K
Event: 10.204 GC heap after
Heap after GC invocations=3 (full 1):
 PSYoungGen      total 76288K, used 0K [0x000000076ab00000, 0x0000000770000000, 0x00000007c0000000)
  eden space 65536K, 0% used [0x000000076ab00000,0x000000076ab00000,0x000000076eb00000)
  from space 10752K, 0% used [0x000000076f580000,0x000000076f580000,0x0000000770000000)
  to   space 10752K, 0% used [0x000000076eb00000,0x000000076eb00000,0x000000076f580000)
 ParOldGen       total 108032K, used 28401K [0x00000006c0000000, 0x00000006c6980000, 0x000000076ab00000)
  object space 108032K, 26% used [0x00000006c0000000,0x00000006c1bbc4b8,0x00000006c6980000)
 Metaspace       used 20440K, capacity 21162K, committed 21296K, reserved 1067008K
  class space    used 2730K, capacity 2916K, committed 2944K, reserved 1048576K
}

Deoptimization events (10 events):
Event: 9.975 Thread 0x00007f8e858d1000 Uncommon trap: reason=bimorphic action=maybe_recompile pc=0x0000000114b510a8 method=java.io.BufferedInputStream.fill()V @ 214
Event: 9.975 Thread 0x00007f8e858d1000 Uncommon trap: reason=bimorphic action=maybe_recompile pc=0x0000000114bbd7d4 method=java.io.BufferedInputStream.fill()V @ 214
Event: 10.020 Thread 0x00007f8e858d1000 Uncommon trap: reason=unstable_if action=reinterpret pc=0x0000000114c1f084 method=java.io.BufferedInputStream.read1([BII)I @ 22
Event: 10.020 Thread 0x00007f8e858d1000 Uncommon trap: reason=predicate action=maybe_recompile pc=0x0000000114c2ecac method=sun.net.www.ParseUtil.encodePath(Ljava/lang/String;Z)Ljava/lang/String; @ 36
Event: 10.227 Thread 0x00007f8e858d1000 Uncommon trap: reason=bimorphic action=maybe_recompile pc=0x00000001148b6148 method=java.util.HashMap.putVal(ILjava/lang/Object;Ljava/lang/Object;ZZ)Ljava/lang/Object; @ 203
Event: 10.227 Thread 0x00007f8e858d1000 Uncommon trap: reason=bimorphic action=maybe_recompile pc=0x00000001148b6148 method=java.util.HashMap.putVal(ILjava/lang/Object;Ljava/lang/Object;ZZ)Ljava/lang/Object; @ 203
Event: 10.227 Thread 0x00007f8e858d1000 Uncommon trap: reason=bimorphic action=maybe_recompile pc=0x00000001148b6148 method=java.util.HashMap.putVal(ILjava/lang/Object;Ljava/lang/Object;ZZ)Ljava/lang/Object; @ 203
Event: 10.229 Thread 0x00007f8e858d1000 Uncommon trap: reason=class_check action=maybe_recompile pc=0x00000001148b60a8 method=java.util.HashMap.putVal(ILjava/lang/Object;Ljava/lang/Object;ZZ)Ljava/lang/Object; @ 253
Event: 10.229 Thread 0x00007f8e858d1000 Uncommon trap: reason=class_check action=maybe_recompile pc=0x00000001148b60a8 method=java.util.HashMap.putVal(ILjava/lang/Object;Ljava/lang/Object;ZZ)Ljava/lang/Object; @ 253
Event: 10.229 Thread 0x00007f8e858d1000 Uncommon trap: reason=class_check action=maybe_recompile pc=0x00000001148b60a8 method=java.util.HashMap.putVal(ILjava/lang/Object;Ljava/lang/Object;ZZ)Ljava/lang/Object; @ 253

Internal exceptions (10 events):
Event: 0.375 Thread 0x00007f8e858d1000 Exception <a 'java/security/PrivilegedActionException'> (0x000000076ba593d0) thrown at [/Users/java_re/workspace/8-2-build-macosx-x86_64/jdk8u121/8372/hotspot/src/share/vm/prims/jvm.cpp, line 1390]
Event: 0.414 Thread 0x00007f8e858d1000 Exception <a 'java/lang/NullPointerException'> (0x000000076bc55cf0) thrown at [/Users/java_re/workspace/8-2-build-macosx-x86_64/jdk8u121/8372/hotspot/src/share/vm/interpreter/linkResolver.cpp, line 1178]
Event: 0.414 Thread 0x00007f8e858d1000 Exception <a 'java/lang/NullPointerException'> (0x000000076bc55cf0) thrown at [/Users/java_re/workspace/8-2-build-macosx-x86_64/jdk8u121/8372/hotspot/src/share/vm/prims/jvm.cpp, line 1394]
Event: 0.452 Thread 0x00007f8e858d1000 Exception <a 'java/lang/ArrayIndexOutOfBoundsException'> (0x000000076be7d918) thrown at [/Users/java_re/workspace/8-2-build-macosx-x86_64/jdk8u121/8372/hotspot/src/share/vm/runtime/sharedRuntime.cpp, line 605]
Event: 0.452 Thread 0x00007f8e858d1000 Exception <a 'java/lang/ArrayIndexOutOfBoundsException'> (0x000000076be7e430) thrown at [/Users/java_re/workspace/8-2-build-macosx-x86_64/jdk8u121/8372/hotspot/src/share/vm/runtime/sharedRuntime.cpp, line 605]
Event: 0.452 Thread 0x00007f8e858d1000 Exception <a 'java/lang/ArrayIndexOutOfBoundsException'> (0x000000076be7f7d8) thrown at [/Users/java_re/workspace/8-2-build-macosx-x86_64/jdk8u121/8372/hotspot/src/share/vm/runtime/sharedRuntime.cpp, line 605]
Event: 0.850 Thread 0x00007f8e858d1000 Implicit null exception at 0x00000001148dbe75 to 0x00000001148dc0b1
Event: 0.850 Thread 0x00007f8e858d1000 Implicit null exception at 0x00000001148b0abb to 0x00000001148b14c5
Event: 9.894 Thread 0x00007f8e858d1000 Implicit null exception at 0x00000001148519b5 to 0x0000000114851d89
Event: 9.902 Thread 0x00007f8e858d1000 Implicit null exception at 0x0000000114a94a06 to 0x0000000114a9507d

Events (10 events):
Event: 12.044 loading class java/util/concurrent/ScheduledThreadPoolExecutor$DelayedWorkQueue done
Event: 12.044 loading class java/util/concurrent/RunnableScheduledFuture
Event: 12.044 loading class java/util/concurrent/ScheduledFuture
Event: 12.044 loading class java/util/concurrent/Delayed
Event: 12.044 loading class java/util/concurrent/Delayed done
Event: 12.044 loading class java/util/concurrent/ScheduledFuture done
Event: 12.044 loading class java/util/concurrent/RunnableScheduledFuture done
Event: 12.044 loading class java/util/concurrent/ScheduledThreadPoolExecutor$ScheduledFutureTask
Event: 12.044 loading class java/util/concurrent/ScheduledThreadPoolExecutor$ScheduledFutureTask done
Event: 12.044 Thread 0x00007f8e90139800 Thread added: 0x00007f8e90139800


Dynamic libraries:
0x0000000002aae000 	/System/Library/Frameworks/Cocoa.framework/Versions/A/Cocoa
0x0000000002aae000 	/System/Library/Frameworks/Security.framework/Versions/A/Security
0x0000000002aae000 	/System/Library/Frameworks/ApplicationServices.framework/Versions/A/ApplicationServices
0x0000000002aae000 	/usr/lib/libz.1.dylib
0x0000000002aae000 	/usr/lib/libSystem.B.dylib
0x0000000002aae000 	/usr/lib/libobjc.A.dylib
0x0000000002aae000 	/System/Library/Frameworks/CoreFoundation.framework/Versions/A/CoreFoundation
0x0000000002aae000 	/System/Library/Frameworks/Foundation.framework/Versions/C/Foundation
0x0000000002aae000 	/System/Library/Frameworks/AppKit.framework/Versions/C/AppKit
0x0000000002aae000 	/System/Library/Frameworks/CoreData.framework/Versions/A/CoreData
0x0000000002aae000 	/System/Library/PrivateFrameworks/RemoteViewServices.framework/Versions/A/RemoteViewServices
0x0000000002aae000 	/System/Library/PrivateFrameworks/UIFoundation.framework/Versions/A/UIFoundation
0x0000000002aae000 	/System/Library/PrivateFrameworks/DFRFoundation.framework/Versions/A/DFRFoundation
0x0000000002aae000 	/usr/lib/libenergytrace.dylib
0x0000000002aae000 	/System/Library/PrivateFrameworks/SkyLight.framework/Versions/A/SkyLight
0x0000000002aae000 	/System/Library/Frameworks/CoreGraphics.framework/Versions/A/CoreGraphics
0x0000000002aae000 	/usr/lib/libScreenReader.dylib
0x0000000002aae000 	/System/Library/Frameworks/Accelerate.framework/Versions/A/Accelerate
0x0000000002aae000 	/System/Library/Frameworks/IOSurface.framework/Versions/A/IOSurface
0x0000000002aae000 	/System/Library/Frameworks/AudioToolbox.framework/Versions/A/AudioToolbox
0x0000000002aae000 	/System/Library/Frameworks/AudioUnit.framework/Versions/A/AudioUnit
0x0000000002aae000 	/System/Library/PrivateFrameworks/DataDetectorsCore.framework/Versions/A/DataDetectorsCore
0x0000000002aae000 	/System/Library/PrivateFrameworks/DesktopServicesPriv.framework/Versions/A/DesktopServicesPriv
0x0000000002aae000 	/System/Library/Frameworks/Carbon.framework/Versions/A/Frameworks/HIToolbox.framework/Versions/A/HIToolbox
0x0000000002aae000 	/usr/lib/libicucore.A.dylib
0x0000000002aae000 	/System/Library/Frameworks/QuartzCore.framework/Versions/A/QuartzCore
0x0000000002aae000 	/System/Library/Frameworks/Carbon.framework/Versions/A/Frameworks/SpeechRecognition.framework/Versions/A/SpeechRecognition
0x0000000002aae000 	/usr/lib/libauto.dylib
0x0000000002aae000 	/usr/lib/libxml2.2.dylib
0x0000000002aae000 	/System/Library/PrivateFrameworks/CoreUI.framework/Versions/A/CoreUI
0x0000000002aae000 	/System/Library/Frameworks/CoreAudio.framework/Versions/A/CoreAudio
0x0000000002aae000 	/System/Library/Frameworks/DiskArbitration.framework/Versions/A/DiskArbitration
0x0000000002aae000 	/usr/lib/liblangid.dylib
0x0000000002aae000 	/System/Library/PrivateFrameworks/MultitouchSupport.framework/Versions/A/MultitouchSupport
0x0000000002aae000 	/System/Library/Frameworks/IOKit.framework/Versions/A/IOKit
0x0000000002aae000 	/usr/lib/libDiagnosticMessagesClient.dylib
0x0000000002aae000 	/System/Library/Frameworks/CoreServices.framework/Versions/A/CoreServices
0x0000000002aae000 	/System/Library/PrivateFrameworks/PerformanceAnalysis.framework/Versions/A/PerformanceAnalysis
0x0000000002aae000 	/System/Library/PrivateFrameworks/GenerationalStorage.framework/Versions/A/GenerationalStorage
0x0000000002aae000 	/System/Library/Frameworks/OpenGL.framework/Versions/A/OpenGL
0x0000000002aae000 	/System/Library/Frameworks/CoreImage.framework/Versions/A/CoreImage
0x0000000002aae000 	/System/Library/Frameworks/CoreText.framework/Versions/A/CoreText
0x0000000002aae000 	/System/Library/Frameworks/ImageIO.framework/Versions/A/ImageIO
0x0000000002aae000 	/System/Library/PrivateFrameworks/Backup.framework/Versions/A/Backup
0x0000000002aae000 	/usr/lib/libarchive.2.dylib
0x0000000002aae000 	/System/Library/Frameworks/CFNetwork.framework/Versions/A/CFNetwork
0x0000000002aae000 	/System/Library/Frameworks/SystemConfiguration.framework/Versions/A/SystemConfiguration
0x0000000002aae000 	/usr/lib/libCRFSuite.dylib
0x0000000002aae000 	/usr/lib/libc++.1.dylib
0x0000000002aae000 	/usr/lib/libc++abi.dylib
0x0000000002aae000 	/usr/lib/system/libcache.dylib
0x0000000002aae000 	/usr/lib/system/libcommonCrypto.dylib
0x0000000002aae000 	/usr/lib/system/libcompiler_rt.dylib
0x0000000002aae000 	/usr/lib/system/libcopyfile.dylib
0x0000000002aae000 	/usr/lib/system/libcorecrypto.dylib
0x0000000002aae000 	/usr/lib/system/libdispatch.dylib
0x0000000002aae000 	/usr/lib/system/libdyld.dylib
0x0000000002aae000 	/usr/lib/system/libkeymgr.dylib
0x0000000002aae000 	/usr/lib/system/liblaunch.dylib
0x0000000002aae000 	/usr/lib/system/libmacho.dylib
0x0000000002aae000 	/usr/lib/system/libquarantine.dylib
0x0000000002aae000 	/usr/lib/system/libremovefile.dylib
0x0000000002aae000 	/usr/lib/system/libsystem_asl.dylib
0x0000000002aae000 	/usr/lib/system/libsystem_blocks.dylib
0x0000000002aae000 	/usr/lib/system/libsystem_c.dylib
0x0000000002aae000 	/usr/lib/system/libsystem_configuration.dylib
0x0000000002aae000 	/usr/lib/system/libsystem_coreservices.dylib
0x0000000002aae000 	/usr/lib/system/libsystem_coretls.dylib
0x0000000002aae000 	/usr/lib/system/libsystem_dnssd.dylib
0x0000000002aae000 	/usr/lib/system/libsystem_info.dylib
0x0000000002aae000 	/usr/lib/system/libsystem_kernel.dylib
0x0000000002aae000 	/usr/lib/system/libsystem_m.dylib
0x0000000002aae000 	/usr/lib/system/libsystem_malloc.dylib
0x0000000002aae000 	/usr/lib/system/libsystem_network.dylib
0x0000000002aae000 	/usr/lib/system/libsystem_networkextension.dylib
0x0000000002aae000 	/usr/lib/system/libsystem_notify.dylib
0x0000000002aae000 	/usr/lib/system/libsystem_platform.dylib
0x0000000002aae000 	/usr/lib/system/libsystem_pthread.dylib
0x0000000002aae000 	/usr/lib/system/libsystem_sandbox.dylib
0x0000000002aae000 	/usr/lib/system/libsystem_secinit.dylib
0x0000000002aae000 	/usr/lib/system/libsystem_symptoms.dylib
0x0000000002aae000 	/usr/lib/system/libsystem_trace.dylib
0x0000000002aae000 	/usr/lib/system/libunwind.dylib
0x0000000002aae000 	/usr/lib/system/libxpc.dylib
0x0000000002aae000 	/usr/lib/libbsm.0.dylib
0x0000000002aae000 	/usr/lib/system/libkxld.dylib
0x0000000002aae000 	/usr/lib/libcoretls.dylib
0x0000000002aae000 	/usr/lib/libcoretls_cfhelpers.dylib
0x0000000002aae000 	/usr/lib/libOpenScriptingUtil.dylib
0x0000000002aae000 	/usr/lib/libpam.2.dylib
0x0000000002aae000 	/usr/lib/libsqlite3.dylib
0x0000000002aae000 	/usr/lib/libxar.1.dylib
0x0000000002aae000 	/usr/lib/libbz2.1.0.dylib
0x0000000002aae000 	/usr/lib/liblzma.5.dylib
0x0000000002aae000 	/usr/lib/libnetwork.dylib
0x0000000002aae000 	/usr/lib/libpcap.A.dylib
0x0000000002aae000 	/System/Library/Frameworks/CoreServices.framework/Versions/A/Frameworks/FSEvents.framework/Versions/A/FSEvents
0x0000000002aae000 	/System/Library/Frameworks/CoreServices.framework/Versions/A/Frameworks/CarbonCore.framework/Versions/A/CarbonCore
0x0000000002aae000 	/System/Library/Frameworks/CoreServices.framework/Versions/A/Frameworks/Metadata.framework/Versions/A/Metadata
0x0000000002aae000 	/System/Library/Frameworks/CoreServices.framework/Versions/A/Frameworks/OSServices.framework/Versions/A/OSServices
0x0000000002aae000 	/System/Library/Frameworks/CoreServices.framework/Versions/A/Frameworks/SearchKit.framework/Versions/A/SearchKit
0x0000000002aae000 	/System/Library/Frameworks/CoreServices.framework/Versions/A/Frameworks/AE.framework/Versions/A/AE
0x0000000002aae000 	/System/Library/Frameworks/CoreServices.framework/Versions/A/Frameworks/LaunchServices.framework/Versions/A/LaunchServices
0x0000000002aae000 	/System/Library/Frameworks/CoreServices.framework/Versions/A/Frameworks/DictionaryServices.framework/Versions/A/DictionaryServices
0x0000000002aae000 	/System/Library/Frameworks/CoreServices.framework/Versions/A/Frameworks/SharedFileList.framework/Versions/A/SharedFileList
0x0000000002aae000 	/System/Library/Frameworks/NetFS.framework/Versions/A/NetFS
0x0000000002aae000 	/System/Library/PrivateFrameworks/NetAuth.framework/Versions/A/NetAuth
0x0000000002aae000 	/System/Library/PrivateFrameworks/login.framework/Versions/A/Frameworks/loginsupport.framework/Versions/A/loginsupport
0x0000000002aae000 	/System/Library/PrivateFrameworks/TCC.framework/Versions/A/TCC
0x0000000002aae000 	/usr/lib/libmecabra.dylib
0x0000000002aae000 	/System/Library/Frameworks/ApplicationServices.framework/Versions/A/Frameworks/ATS.framework/Versions/A/ATS
0x0000000002aae000 	/System/Library/Frameworks/ApplicationServices.framework/Versions/A/Frameworks/ColorSync.framework/Versions/A/ColorSync
0x0000000002aae000 	/System/Library/Frameworks/ApplicationServices.framework/Versions/A/Frameworks/HIServices.framework/Versions/A/HIServices
0x0000000002aae000 	/System/Library/Frameworks/ApplicationServices.framework/Versions/A/Frameworks/LangAnalysis.framework/Versions/A/LangAnalysis
0x0000000002aae000 	/System/Library/Frameworks/ApplicationServices.framework/Versions/A/Frameworks/PrintCore.framework/Versions/A/PrintCore
0x0000000002aae000 	/System/Library/Frameworks/ApplicationServices.framework/Versions/A/Frameworks/QD.framework/Versions/A/QD
0x0000000002aae000 	/System/Library/Frameworks/ApplicationServices.framework/Versions/A/Frameworks/SpeechSynthesis.framework/Versions/A/SpeechSynthesis
0x0000000002aae000 	/System/Library/Frameworks/Accelerate.framework/Versions/A/Frameworks/vImage.framework/Versions/A/vImage
0x0000000002aae000 	/System/Library/Frameworks/Accelerate.framework/Versions/A/Frameworks/vecLib.framework/Versions/A/vecLib
0x0000000002aae000 	/System/Library/Frameworks/Accelerate.framework/Versions/A/Frameworks/vecLib.framework/Versions/A/libvDSP.dylib
0x0000000002aae000 	/System/Library/Frameworks/Accelerate.framework/Versions/A/Frameworks/vecLib.framework/Versions/A/libBNNS.dylib
0x0000000002aae000 	/System/Library/Frameworks/Accelerate.framework/Versions/A/Frameworks/vecLib.framework/Versions/A/libQuadrature.dylib
0x0000000002aae000 	/System/Library/Frameworks/Accelerate.framework/Versions/A/Frameworks/vecLib.framework/Versions/A/libvMisc.dylib
0x0000000002aae000 	/System/Library/Frameworks/Accelerate.framework/Versions/A/Frameworks/vecLib.framework/Versions/A/libLAPACK.dylib
0x0000000002aae000 	/System/Library/Frameworks/Accelerate.framework/Versions/A/Frameworks/vecLib.framework/Versions/A/libBLAS.dylib
0x0000000002aae000 	/System/Library/Frameworks/Accelerate.framework/Versions/A/Frameworks/vecLib.framework/Versions/A/libLinearAlgebra.dylib
0x0000000002aae000 	/System/Library/Frameworks/Accelerate.framework/Versions/A/Frameworks/vecLib.framework/Versions/A/libSparseBLAS.dylib
0x0000000002aae000 	/System/Library/Frameworks/ApplicationServices.framework/Versions/A/Frameworks/ATS.framework/Versions/A/Resources/libFontParser.dylib
0x0000000002aae000 	/System/Library/Frameworks/ApplicationServices.framework/Versions/A/Frameworks/ATS.framework/Versions/A/Resources/libFontRegistry.dylib
0x0000000002aae000 	/System/Library/Frameworks/ImageIO.framework/Versions/A/Resources/libJPEG.dylib
0x0000000002aae000 	/System/Library/Frameworks/ImageIO.framework/Versions/A/Resources/libTIFF.dylib
0x0000000002aae000 	/System/Library/Frameworks/ImageIO.framework/Versions/A/Resources/libPng.dylib
0x0000000002aae000 	/System/Library/Frameworks/ImageIO.framework/Versions/A/Resources/libGIF.dylib
0x0000000002aae000 	/System/Library/Frameworks/ImageIO.framework/Versions/A/Resources/libJP2.dylib
0x0000000002aae000 	/System/Library/Frameworks/ImageIO.framework/Versions/A/Resources/libRadiance.dylib
0x0000000002aae000 	/usr/lib/libcompression.dylib
0x0000000002aae000 	/System/Library/PrivateFrameworks/AppleJPEG.framework/Versions/A/AppleJPEG
0x0000000002aae000 	/usr/lib/libcups.2.dylib
0x0000000002aae000 	/System/Library/Frameworks/Kerberos.framework/Versions/A/Kerberos
0x0000000002aae000 	/System/Library/Frameworks/GSS.framework/Versions/A/GSS
0x0000000002aae000 	/usr/lib/libresolv.9.dylib
0x0000000002aae000 	/usr/lib/libiconv.2.dylib
0x0000000002aae000 	/System/Library/PrivateFrameworks/Heimdal.framework/Versions/A/Heimdal
0x0000000002aae000 	/usr/lib/libheimdal-asn1.dylib
0x0000000002aae000 	/System/Library/Frameworks/OpenDirectory.framework/Versions/A/OpenDirectory
0x0000000002aae000 	/System/Library/PrivateFrameworks/CommonAuth.framework/Versions/A/CommonAuth
0x0000000002aae000 	/System/Library/Frameworks/OpenDirectory.framework/Versions/A/Frameworks/CFOpenDirectory.framework/Versions/A/CFOpenDirectory
0x0000000002aae000 	/System/Library/Frameworks/SecurityFoundation.framework/Versions/A/SecurityFoundation
0x0000000002aae000 	/System/Library/PrivateFrameworks/LanguageModeling.framework/Versions/A/LanguageModeling
0x0000000002aae000 	/usr/lib/libmarisa.dylib
0x0000000002aae000 	/usr/lib/libChineseTokenizer.dylib
0x0000000002aae000 	/usr/lib/libcmph.dylib
0x0000000002aae000 	/System/Library/PrivateFrameworks/CoreEmoji.framework/Versions/A/CoreEmoji
0x0000000002aae000 	/System/Library/Frameworks/ServiceManagement.framework/Versions/A/ServiceManagement
0x0000000002aae000 	/usr/lib/libxslt.1.dylib
0x0000000002aae000 	/System/Library/Frameworks/Carbon.framework/Versions/A/Frameworks/Ink.framework/Versions/A/Ink
0x0000000002aae000 	/System/Library/PrivateFrameworks/TextureIO.framework/Versions/A/TextureIO
0x0000000002aae000 	/System/Library/Frameworks/Metal.framework/Versions/A/Metal
0x0000000002aae000 	/usr/lib/libate.dylib
0x0000000002aae000 	/System/Library/PrivateFrameworks/GPUCompiler.framework/libmetal_timestamp.dylib
0x0000000002aae000 	/System/Library/Frameworks/OpenGL.framework/Versions/A/Libraries/libCoreFSCache.dylib
0x0000000002aae000 	/System/Library/PrivateFrameworks/IOAccelerator.framework/Versions/A/IOAccelerator
0x0000000002aae000 	/System/Library/Frameworks/CoreVideo.framework/Versions/A/CoreVideo
0x0000000002aae000 	/usr/lib/libFosl_dynamic.dylib
0x0000000002aae000 	/System/Library/PrivateFrameworks/MetalPerformanceShaders.framework/Versions/A/MetalPerformanceShaders
0x0000000002aae000 	/System/Library/PrivateFrameworks/FaceCore.framework/Versions/A/FaceCore
0x0000000002aae000 	/System/Library/Frameworks/OpenCL.framework/Versions/A/OpenCL
0x0000000002aae000 	/System/Library/Frameworks/OpenGL.framework/Versions/A/Libraries/libGLU.dylib
0x0000000002aae000 	/System/Library/Frameworks/OpenGL.framework/Versions/A/Libraries/libGFXShared.dylib
0x0000000002aae000 	/System/Library/Frameworks/OpenGL.framework/Versions/A/Libraries/libGL.dylib
0x0000000002aae000 	/System/Library/Frameworks/OpenGL.framework/Versions/A/Libraries/libGLImage.dylib
0x0000000002aae000 	/System/Library/Frameworks/OpenGL.framework/Versions/A/Libraries/libCVMSPluginSupport.dylib
0x0000000002aae000 	/System/Library/Frameworks/OpenGL.framework/Versions/A/Libraries/libCoreVMClient.dylib
0x0000000002aae000 	/System/Library/PrivateFrameworks/CrashReporterSupport.framework/Versions/A/CrashReporterSupport
0x0000000002aae000 	/System/Library/PrivateFrameworks/Sharing.framework/Versions/A/Sharing
0x0000000002aae000 	/System/Library/PrivateFrameworks/IconServices.framework/Versions/A/IconServices
0x0000000002aae000 	/System/Library/PrivateFrameworks/ProtocolBuffer.framework/Versions/A/ProtocolBuffer
0x0000000002aae000 	/System/Library/PrivateFrameworks/Apple80211.framework/Versions/A/Apple80211
0x0000000002aae000 	/System/Library/Frameworks/CoreWLAN.framework/Versions/A/CoreWLAN
0x0000000002aae000 	/System/Library/PrivateFrameworks/CoreUtils.framework/Versions/A/CoreUtils
0x0000000002aae000 	/System/Library/Frameworks/IOBluetooth.framework/Versions/A/IOBluetooth
0x0000000002aae000 	/System/Library/PrivateFrameworks/CoreWiFi.framework/Versions/A/CoreWiFi
0x0000000002aae000 	/System/Library/Frameworks/CoreBluetooth.framework/Versions/A/CoreBluetooth
0x0000000002aae000 	/System/Library/Frameworks/CoreDisplay.framework/Versions/A/CoreDisplay
0x0000000002aae000 	/System/Library/PrivateFrameworks/IOPresentment.framework/Versions/A/IOPresentment
0x0000000002aae000 	/System/Library/PrivateFrameworks/DSExternalDisplay.framework/Versions/A/DSExternalDisplay
0x0000000002aae000 	/System/Library/PrivateFrameworks/DebugSymbols.framework/Versions/A/DebugSymbols
0x0000000002aae000 	/System/Library/PrivateFrameworks/CoreSymbolication.framework/Versions/A/CoreSymbolication
0x0000000002aae000 	/System/Library/PrivateFrameworks/Symbolication.framework/Versions/A/Symbolication
0x0000000002aae000 	/System/Library/PrivateFrameworks/AppleFSCompression.framework/Versions/A/AppleFSCompression
0x0000000002aae000 	/System/Library/PrivateFrameworks/SpeechRecognitionCore.framework/Versions/A/SpeechRecognitionCore
0x0000000002aae000 	/System/Library/PrivateFrameworks/ChunkingLibrary.framework/Versions/A/ChunkingLibrary
0x0000000108c3b000 	/System/Library/CoreServices/Encodings/libSimplifiedChineseConverter.dylib
0x0000000109e00000 	/Library/Java/JavaVirtualMachines/jdk1.8.0_121.jdk/Contents/Home/jre/lib/server/libjvm.dylib
0x0000000002aae000 	/usr/lib/libstdc++.6.dylib
0x0000000108cb1000 	/Library/Java/JavaVirtualMachines/jdk1.8.0_121.jdk/Contents/Home/jre/lib/libverify.dylib
0x0000000108cbf000 	/Library/Java/JavaVirtualMachines/jdk1.8.0_121.jdk/Contents/Home/jre/lib/libjava.dylib
0x0000000108cfe000 	/Library/Java/JavaVirtualMachines/jdk1.8.0_121.jdk/Contents/Home/jre/lib/libzip.dylib
0x0000000125dd6000 	/System/Library/Frameworks/JavaVM.framework/Frameworks/JavaRuntimeSupport.framework/JavaRuntimeSupport
0x0000000125df0000 	/System/Library/Frameworks/JavaVM.framework/Versions/A/Frameworks/JavaNativeFoundation.framework/Versions/A/JavaNativeFoundation
0x0000000108df2000 	/System/Library/Frameworks/JavaVM.framework/Versions/A/JavaVM
0x0000000002aae000 	/System/Library/Frameworks/Carbon.framework/Versions/A/Carbon
0x0000000125e05000 	/System/Library/PrivateFrameworks/JavaLaunching.framework/Versions/A/JavaLaunching
0x0000000002aae000 	/System/Library/Frameworks/Carbon.framework/Versions/A/Frameworks/CommonPanels.framework/Versions/A/CommonPanels
0x0000000002aae000 	/System/Library/Frameworks/Carbon.framework/Versions/A/Frameworks/Help.framework/Versions/A/Help
0x0000000002aae000 	/System/Library/Frameworks/Carbon.framework/Versions/A/Frameworks/ImageCapture.framework/Versions/A/ImageCapture
0x0000000002aae000 	/System/Library/Frameworks/Carbon.framework/Versions/A/Frameworks/OpenScripting.framework/Versions/A/OpenScripting
0x0000000002aae000 	/System/Library/Frameworks/Carbon.framework/Versions/A/Frameworks/Print.framework/Versions/A/Print
0x0000000002aae000 	/System/Library/Frameworks/Carbon.framework/Versions/A/Frameworks/SecurityHI.framework/Versions/A/SecurityHI
0x00000001277e1000 	/Library/Java/JavaVirtualMachines/jdk1.8.0_121.jdk/Contents/Home/jre/lib/libprism_es2.dylib
0x0000000127847000 	/System/Library/Frameworks/OpenGL.framework/Resources/GLEngine.bundle/GLEngine
0x0000000002aae000 	/System/Library/Frameworks/OpenGL.framework/Versions/A/Libraries/libGLProgrammability.dylib
0x0000000127a2c000 	/System/Library/Extensions/AppleIntelSKLGraphicsGLDriver.bundle/Contents/MacOS/AppleIntelSKLGraphicsGLDriver
0x0000000002aae000 	/System/Library/PrivateFrameworks/GPUSupport.framework/Versions/A/Libraries/libGPUSupportMercury.dylib
0x00000001287b4000 	/System/Library/Extensions/AMDRadeonX4000GLDriver.bundle/Contents/MacOS/AMDRadeonX4000GLDriver
0x0000000128894000 	/System/Library/Extensions/AMDRadeonX4000GLDriver.bundle/Contents/MacOS/ATIRadeonX4000SCLib.dylib
0x0000000128e73000 	/System/Library/Frameworks/OpenGL.framework/Resources//GLRendererFloat.bundle/GLRendererFloat
0x0000000002aae000 	/System/Library/Frameworks/OpenCL.framework/Versions/A/Libraries/libcldcpuengine.dylib
0x0000000002aae000 	/usr/lib/libcrypto.0.9.8.dylib
0x0000000002aae000 	/System/Library/PrivateFrameworks/TrustEvaluationAgent.framework/Versions/A/TrustEvaluationAgent
0x0000000128efa000 	/Library/Java/JavaVirtualMachines/jdk1.8.0_121.jdk/Contents/Home/jre/lib/libglass.dylib
0x0000000002aae000 	/System/Library/PrivateFrameworks/CoreServicesInternal.framework/Versions/A/CoreServicesInternal
0x0000000002aae000 	/System/Library/CoreServices/RawCamera.bundle/Contents/MacOS/RawCamera
0x0000000002aae000 	/System/Library/Frameworks/Accelerate.framework/Versions/A/Frameworks/vImage.framework/Versions/A/Libraries/libCGInterfaces.dylib
0x0000000002aae000 	/System/Library/PrivateFrameworks/FamilyControls.framework/Versions/A/FamilyControls
0x0000000002aae000 	/System/Library/PrivateFrameworks/CommerceKit.framework/Versions/A/Frameworks/CommerceCore.framework/Versions/A/CommerceCore
0x0000000002aae000 	/System/Library/PrivateFrameworks/SystemAdministration.framework/Versions/A/SystemAdministration
0x0000000002aae000 	/System/Library/PrivateFrameworks/AppContainer.framework/Versions/A/AppContainer
0x0000000002aae000 	/System/Library/PrivateFrameworks/SecCodeWrapper.framework/Versions/A/SecCodeWrapper
0x0000000002aae000 	/System/Library/Frameworks/DirectoryService.framework/Versions/A/DirectoryService
0x0000000002aae000 	/System/Library/PrivateFrameworks/DiskImages.framework/Versions/A/DiskImages
0x0000000002aae000 	/System/Library/PrivateFrameworks/LoginUIKit.framework/Versions/A/Frameworks/LoginUICore.framework/Versions/A/LoginUICore
0x0000000002aae000 	/usr/lib/libCoreStorage.dylib
0x0000000002aae000 	/usr/lib/libcsfde.dylib
0x0000000002aae000 	/usr/lib/libodfde.dylib
0x0000000002aae000 	/System/Library/Frameworks/DiscRecording.framework/Versions/A/DiscRecording
0x0000000002aae000 	/usr/lib/libcurl.4.dylib
0x0000000002aae000 	/System/Library/PrivateFrameworks/MediaKit.framework/Versions/A/MediaKit
0x0000000002aae000 	/System/Library/PrivateFrameworks/ProtectedCloudStorage.framework/Versions/A/ProtectedCloudStorage
0x0000000002aae000 	/System/Library/PrivateFrameworks/EFILogin.framework/Versions/A/EFILogin
0x0000000002aae000 	/usr/lib/libutil.dylib
0x0000000002aae000 	/System/Library/Frameworks/LDAP.framework/Versions/A/LDAP
0x0000000002aae000 	/usr/lib/libsasl2.2.dylib
0x0000000002aae000 	/System/Library/PrivateFrameworks/CoreDaemon.framework/Versions/B/CoreDaemon
0x0000000002aae000 	/System/Library/PrivateFrameworks/AppleSRP.framework/Versions/A/AppleSRP
0x0000000002aae000 	/System/Library/PrivateFrameworks/APFS.framework/Versions/A/APFS
0x000000012c361000 	/Library/Java/Extensions/libopencv_java330.dylib
0x00000001321d7000 	/usr/local/opt/ffmpeg/lib/libavcodec.57.dylib
0x00000001334cd000 	/usr/local/opt/ffmpeg/lib/libavformat.57.dylib
0x0000000133679000 	/usr/local/opt/ffmpeg/lib/libavutil.55.dylib
0x00000001336df000 	/usr/local/opt/ffmpeg/lib/libswscale.4.dylib
0x000000013375f000 	/usr/local/opt/ffmpeg/lib/libavresample.3.dylib
0x0000000129477000 	/System/Library/Frameworks/VideoDecodeAcceleration.framework/Versions/A/VideoDecodeAcceleration
0x0000000002aae000 	/System/Library/Frameworks/AVFoundation.framework/Versions/A/AVFoundation
0x0000000002aae000 	/System/Library/Frameworks/CoreMedia.framework/Versions/A/CoreMedia
0x0000000133780000 	/usr/local/Cellar/ffmpeg/3.3.4/lib/libswresample.2.dylib
0x0000000002aae000 	/System/Library/Frameworks/VideoToolbox.framework/Versions/A/VideoToolbox
0x00000001337a0000 	/usr/local/opt/x264/lib/libx264.148.dylib
0x000000013390f000 	/usr/local/opt/lame/lib/libmp3lame.0.dylib
0x0000000002aae000 	/System/Library/Frameworks/AVFoundation.framework/Versions/A/Frameworks/AVFAudio.framework/Versions/A/AVFAudio
0x0000000002aae000 	/System/Library/Frameworks/MediaToolbox.framework/Versions/A/MediaToolbox
0x0000000002aae000 	/System/Library/PrivateFrameworks/IntlPreferences.framework/Versions/A/IntlPreferences
0x0000000002aae000 	/System/Library/Frameworks/CoreMediaIO.framework/Versions/A/CoreMediaIO
0x0000000002aae000 	/usr/lib/libspindump.dylib
0x0000000002aae000 	/usr/lib/libdscsym.dylib
0x0000000002aae000 	/System/Library/PrivateFrameworks/CoreAVCHD.framework/Versions/A/CoreAVCHD
0x0000000002aae000 	/System/Library/Frameworks/MediaAccessibility.framework/Versions/A/MediaAccessibility
0x0000000002aae000 	/System/Library/PrivateFrameworks/Mangrove.framework/Versions/A/Mangrove
0x0000000002aae000 	/System/Library/PrivateFrameworks/CoreAUC.framework/Versions/A/CoreAUC
0x0000000002aae000 	/System/Library/PrivateFrameworks/AppleVA.framework/Versions/A/AppleVA
0x0000000002aae000 	/System/Library/PrivateFrameworks/XPCService.framework/Versions/A/XPCService
0x0000000002aae000 	/System/Library/PrivateFrameworks/AppSandbox.framework/Versions/A/AppSandbox
0x0000000002aae000 	/usr/lib/libsandbox.1.dylib
0x0000000002aae000 	/usr/lib/libMatch.1.dylib
0x0000000133bb8000 	/Library/Java/JavaVirtualMachines/jdk1.8.0_121.jdk/Contents/Home/jre/lib/libjavafx_font.dylib
0x0000000002aae000 	/System/Library/Frameworks/ApplicationServices.framework/Versions/A/Frameworks/ATS.framework/Versions/A/Resources/libTrueTypeScaler.dylib
0x0000000002aae000 	/System/Library/Extensions/AMDMTLBronzeDriver.bundle/Contents/MacOS/AMDMTLBronzeDriver
0x0000000002aae000 	/System/Library/PrivateFrameworks/IOAccelMemoryInfo.framework/Versions/A/IOAccelMemoryInfo
0x0000000137cc2000 	/System/Library/Extensions/AppleIntelSKLGraphicsMTLDriver.bundle/Contents/MacOS/AppleIntelSKLGraphicsMTLDriver
0x000000013862d000 	/Library/Java/JavaVirtualMachines/jdk1.8.0_121.jdk/Contents/Home/jre/lib/libprism_common.dylib
0x0000000002aae000 	/System/Library/PrivateFrameworks/ViewBridge.framework/Versions/A/ViewBridge
0x00000001294ab000 	/Library/Java/JavaVirtualMachines/jdk1.8.0_121.jdk/Contents/Home/jre/lib/libnet.dylib
0x0000000136d94000 	/Users/chenjiaxin/.javacpp/cache/opencv-macosx-x86_64.jar/org/bytedeco/javacpp/macosx-x86_64/libopencv_core.3.1.dylib
0x0000000138659000 	/Users/chenjiaxin/.javacpp/cache/opencv-macosx-x86_64.jar/org/bytedeco/javacpp/macosx-x86_64/libopencv_imgproc.3.1.dylib
0x0000000138f2d000 	/Users/chenjiaxin/.javacpp/cache/opencv-macosx-x86_64.jar/org/bytedeco/javacpp/macosx-x86_64/libjniopencv_core.dylib
0x00000001294c6000 	/Library/Java/JavaVirtualMachines/jdk1.8.0_121.jdk/Contents/Home/jre/lib/libnio.dylib
0x0000000134c3f000 	/Users/chenjiaxin/.javacpp/cache/opencv-macosx-x86_64.jar/org/bytedeco/javacpp/macosx-x86_64/libjniopencv_imgproc.dylib
0x000000013919c000 	/Users/chenjiaxin/.javacpp/cache/opencv-macosx-x86_64.jar/org/bytedeco/javacpp/macosx-x86_64/libopencv_imgcodecs.3.1.dylib
0x00000001294d6000 	/Users/chenjiaxin/.javacpp/cache/opencv-macosx-x86_64.jar/org/bytedeco/javacpp/macosx-x86_64/libjniopencv_imgcodecs.dylib
0x0000000129527000 	/Users/chenjiaxin/.javacpp/cache/opencv-macosx-x86_64.jar/org/bytedeco/javacpp/macosx-x86_64/libopencv_videoio.3.1.dylib
0x0000000002aae000 	/System/Library/Frameworks/QTKit.framework/Versions/A/QTKit
0x0000000002aae000 	/System/Library/PrivateFrameworks/CoreMediaAuthoring.framework/Versions/A/CoreMediaAuthoring
0x000000012c2ac000 	/Users/chenjiaxin/.javacpp/cache/opencv-macosx-x86_64.jar/org/bytedeco/javacpp/macosx-x86_64/libjniopencv_videoio.dylib
0x000000012c32b000 	/Users/chenjiaxin/.javacpp/cache/opencv-macosx-x86_64.jar/org/bytedeco/javacpp/macosx-x86_64/libopencv_highgui.3.1.dylib
0x0000000133f6f000 	/Users/chenjiaxin/.javacpp/cache/opencv-macosx-x86_64.jar/org/bytedeco/javacpp/macosx-x86_64/libjniopencv_highgui.dylib
0x0000000136a9c000 	/Users/chenjiaxin/.javacpp/cache/opencv-macosx-x86_64.jar/org/bytedeco/javacpp/macosx-x86_64/libopencv_ml.3.1.dylib
0x0000000133fab000 	/Users/chenjiaxin/.javacpp/cache/opencv-macosx-x86_64.jar/org/bytedeco/javacpp/macosx-x86_64/libjniopencv_ml.dylib
0x0000000133fed000 	/Users/chenjiaxin/.javacpp/cache/opencv-macosx-x86_64.jar/org/bytedeco/javacpp/macosx-x86_64/libopencv_objdetect.3.1.dylib
0x0000000136be0000 	/Users/chenjiaxin/.javacpp/cache/opencv-macosx-x86_64.jar/org/bytedeco/javacpp/macosx-x86_64/libjniopencv_objdetect.dylib
0x000000012c33c000 	/Users/chenjiaxin/.javacpp/cache/opencv-macosx-x86_64.jar/org/bytedeco/javacpp/macosx-x86_64/libopencv_face.3.1.dylib
0x0000000134042000 	/Users/chenjiaxin/.javacpp/cache/opencv-macosx-x86_64.jar/org/bytedeco/javacpp/macosx-x86_64/libjniopencv_face.dylib
0x0000000129500000 	/System/Library/Extensions/AppleHDA.kext/Contents/PlugIns/AppleHDAHALPlugIn.bundle/Contents/MacOS/AppleHDAHALPlugIn
0x0000000129548000 	/System/Library/Frameworks/CoreMediaIO.framework/Resources/VDC.plugin/Contents/MacOS/VDC
0x0000000134d76000 	/System/Library/Frameworks/CoreMediaIO.framework/Resources/CMIOUnits.bundle/Contents/MacOS/CMIOUnits
0x0000000129579000 	/System/Library/PrivateFrameworks/FWAVC.framework/Versions/A/FWAVC

VM Arguments:
jvm_args: -Dfile.encoding=UTF-8 
java_command: /Users/chenjiaxin/Desktop/test/dist/run577896826/test.jar
java_class_path (initial): /Users/chenjiaxin/Desktop/test/dist/run577896826/test.jar
Launcher Type: SUN_STANDARD

Environment Variables:
PATH=/usr/bin:/bin:/usr/sbin:/sbin
LD_LIBRARY_PATH=/Library/Java/JavaVirtualMachines/jdk1.8.0_121.jdk/Contents/Home/jre/lib/amd64:/Library/Java/JavaVirtualMachines/jdk1.8.0_121.jdk/Contents/Home/jre/lib/i386:
SHELL=/bin/bash
DISPLAY=/private/tmp/com.apple.launchd.Pm0qcotolz/org.macosforge.xquartz:0

Signal Handlers:
SIGSEGV: [libjvm.dylib+0x5b1141], sa_mask[0]=11111111011111110111111111111111, sa_flags=SA_ONSTACK|SA_RESTART|SA_SIGINFO
SIGBUS: [libjvm.dylib+0x5b1141], sa_mask[0]=11111111011111110111111111111111, sa_flags=SA_RESTART|SA_SIGINFO
SIGFPE: [libjvm.dylib+0x487bc4], sa_mask[0]=11111111011111110111111111111111, sa_flags=SA_RESTART|SA_SIGINFO
SIGPIPE: [libjvm.dylib+0x487bc4], sa_mask[0]=11111111011111110111111111111111, sa_flags=SA_RESTART|SA_SIGINFO
SIGXFSZ: [libjvm.dylib+0x487bc4], sa_mask[0]=11111111011111110111111111111111, sa_flags=SA_RESTART|SA_SIGINFO
SIGILL: [libjvm.dylib+0x487bc4], sa_mask[0]=11111111011111110111111111111111, sa_flags=SA_RESTART|SA_SIGINFO
SIGUSR1: SIG_DFL, sa_mask[0]=00000000000000000000000000000000, sa_flags=none
SIGUSR2: [libjvm.dylib+0x4876e2], sa_mask[0]=00100000000000000000000000000000, sa_flags=SA_RESTART|SA_SIGINFO
SIGHUP: [libjvm.dylib+0x485cb9], sa_mask[0]=11111111011111110111111111111111, sa_flags=SA_RESTART|SA_SIGINFO
SIGINT: SIG_IGN, sa_mask[0]=00000000000000000000000000000000, sa_flags=none
SIGTERM: [libjvm.dylib+0x485cb9], sa_mask[0]=11111111011111110111111111111111, sa_flags=SA_RESTART|SA_SIGINFO
SIGQUIT: [libjvm.dylib+0x485cb9], sa_mask[0]=11111111011111110111111111111111, sa_flags=SA_RESTART|SA_SIGINFO


---------------  S Y S T E M  ---------------

OS:Bsduname:Darwin 16.7.0 Darwin Kernel Version 16.7.0: Thu Jun 15 17:36:27 PDT 2017; root:xnu-3789.70.16~2/RELEASE_X86_64 x86_64
rlimit: STACK 8192k, CORE 0k, NPROC 709, NOFILE 10240, AS infinity
load average:1.35 1.58 1.57

CPU:total 8 (4 cores per cpu, 2 threads per core) family 6 model 94 stepping 3, cmov, cx8, fxsr, mmx, sse, sse2, sse3, ssse3, sse4.1, sse4.2, popcnt, avx, avx2, aes, clmul, erms, rtm, 3dnowpref, lzcnt, ht, tsc, tscinvbit, bmi1, bmi2, adx

Memory: 4k page, physical 16777216k(2781092k free)

/proc/meminfo:


vm_info: Java HotSpot(TM) 64-Bit Server VM (25.121-b13) for bsd-amd64 JRE (1.8.0_121-b13), built on Dec 12 2016 20:39:32 by "java_re" with gcc 4.2.1 (Based on Apple Inc. build 5658) (LLVM build 2336.11.00)

time: Mon Nov 27 18:50:54 2017
elapsed time: 13 seconds (0d 0h 0m 13s)

